{"/Users/gaspar/Desktop/Recursos/2023/ElevatorProject/src/App.tsx": {"path":"/Users/gaspar/Desktop/Recursos/2023/ElevatorProject/src/App.tsx","all":false,"statementMap":{"0":{"start":{"line":1,"column":0},"end":{"line":1,"column":43}},"1":{"start":{"line":2,"column":0},"end":{"line":2,"column":18}},"2":{"start":{"line":3,"column":0},"end":{"line":3,"column":49}},"3":{"start":{"line":4,"column":0},"end":{"line":4,"column":47}},"4":{"start":{"line":5,"column":0},"end":{"line":5,"column":47}},"5":{"start":{"line":6,"column":0},"end":{"line":6,"column":49}},"6":{"start":{"line":7,"column":0},"end":{"line":7,"column":0}},"7":{"start":{"line":8,"column":0},"end":{"line":8,"column":19}},"8":{"start":{"line":9,"column":0},"end":{"line":9,"column":76}},"9":{"start":{"line":10,"column":0},"end":{"line":10,"column":0}},"10":{"start":{"line":11,"column":0},"end":{"line":11,"column":10}},"11":{"start":{"line":12,"column":0},"end":{"line":12,"column":6}},"12":{"start":{"line":13,"column":0},"end":{"line":13,"column":11}},"13":{"start":{"line":14,"column":0},"end":{"line":14,"column":34}},"14":{"start":{"line":15,"column":0},"end":{"line":15,"column":110}},"15":{"start":{"line":16,"column":0},"end":{"line":16,"column":12}},"16":{"start":{"line":17,"column":0},"end":{"line":17,"column":42}},"17":{"start":{"line":18,"column":0},"end":{"line":18,"column":40}},"18":{"start":{"line":19,"column":0},"end":{"line":19,"column":18}},"19":{"start":{"line":20,"column":0},"end":{"line":20,"column":57}},"20":{"start":{"line":21,"column":0},"end":{"line":21,"column":98}},"21":{"start":{"line":22,"column":0},"end":{"line":22,"column":117}},"22":{"start":{"line":23,"column":0},"end":{"line":23,"column":19}},"23":{"start":{"line":24,"column":0},"end":{"line":24,"column":47}},"24":{"start":{"line":25,"column":0},"end":{"line":25,"column":26}},"25":{"start":{"line":26,"column":0},"end":{"line":26,"column":75}},"26":{"start":{"line":27,"column":0},"end":{"line":27,"column":20}},"27":{"start":{"line":28,"column":0},"end":{"line":28,"column":17}},"28":{"start":{"line":29,"column":0},"end":{"line":29,"column":25}},"29":{"start":{"line":30,"column":0},"end":{"line":30,"column":21}},"30":{"start":{"line":31,"column":0},"end":{"line":31,"column":20}},"31":{"start":{"line":32,"column":0},"end":{"line":32,"column":106}},"32":{"start":{"line":33,"column":0},"end":{"line":33,"column":18}},"33":{"start":{"line":34,"column":0},"end":{"line":34,"column":11}},"34":{"start":{"line":35,"column":0},"end":{"line":35,"column":11}},"35":{"start":{"line":36,"column":0},"end":{"line":36,"column":12}},"36":{"start":{"line":37,"column":0},"end":{"line":37,"column":7}},"37":{"start":{"line":38,"column":0},"end":{"line":38,"column":3}},"38":{"start":{"line":39,"column":0},"end":{"line":39,"column":1}},"39":{"start":{"line":40,"column":0},"end":{"line":40,"column":0}},"40":{"start":{"line":41,"column":0},"end":{"line":41,"column":18}}},"s":{"0":1,"1":1,"2":1,"3":1,"4":1,"5":1,"6":1,"7":1,"8":3,"9":3,"10":3,"11":3,"12":3,"13":3,"14":3,"15":3,"16":3,"17":3,"18":48,"19":48,"20":48,"21":48,"22":48,"23":48,"24":48,"25":48,"26":48,"27":48,"28":48,"29":48,"30":48,"31":48,"32":48,"33":48,"34":48,"35":3,"36":3,"37":3,"38":3,"39":1,"40":1},"branchMap":{"0":{"type":"branch","line":8,"loc":{"start":{"line":8,"column":12},"end":{"line":39,"column":1}},"locations":[{"start":{"line":8,"column":12},"end":{"line":39,"column":1}}]},"1":{"type":"branch","line":15,"loc":{"start":{"line":15,"column":68},"end":{"line":15,"column":81}},"locations":[{"start":{"line":15,"column":68},"end":{"line":15,"column":81}}]},"2":{"type":"branch","line":15,"loc":{"start":{"line":15,"column":71},"end":{"line":15,"column":86}},"locations":[{"start":{"line":15,"column":71},"end":{"line":15,"column":86}}]},"3":{"type":"branch","line":18,"loc":{"start":{"line":18,"column":20},"end":{"line":35,"column":11}},"locations":[{"start":{"line":18,"column":20},"end":{"line":35,"column":11}}]},"4":{"type":"branch","line":22,"loc":{"start":{"line":22,"column":91},"end":{"line":22,"column":111}},"locations":[{"start":{"line":22,"column":91},"end":{"line":22,"column":111}}]},"5":{"type":"branch","line":22,"loc":{"start":{"line":22,"column":99},"end":{"line":22,"column":113}},"locations":[{"start":{"line":22,"column":99},"end":{"line":22,"column":113}}]},"6":{"type":"branch","line":26,"loc":{"start":{"line":26,"column":51},"end":{"line":26,"column":72}},"locations":[{"start":{"line":26,"column":51},"end":{"line":26,"column":72}}]}},"b":{"0":[3],"1":[1],"2":[2],"3":[48],"4":[3],"5":[45],"6":[0]},"fnMap":{"0":{"name":"App","decl":{"start":{"line":8,"column":12},"end":{"line":39,"column":1}},"loc":{"start":{"line":8,"column":12},"end":{"line":39,"column":1}},"line":8}},"f":{"0":3}}
,"/Users/gaspar/Desktop/Recursos/2023/ElevatorProject/src/common/constants.ts": {"path":"/Users/gaspar/Desktop/Recursos/2023/ElevatorProject/src/common/constants.ts","all":false,"statementMap":{"0":{"start":{"line":1,"column":0},"end":{"line":1,"column":86}},"1":{"start":{"line":2,"column":0},"end":{"line":2,"column":27}},"2":{"start":{"line":3,"column":0},"end":{"line":3,"column":31}}},"s":{"0":1,"1":1,"2":1},"branchMap":{},"b":{},"fnMap":{},"f":{}}
,"/Users/gaspar/Desktop/Recursos/2023/ElevatorProject/src/common/types.ts": {"path":"/Users/gaspar/Desktop/Recursos/2023/ElevatorProject/src/common/types.ts","all":false,"statementMap":{"0":{"start":{"line":1,"column":0},"end":{"line":1,"column":31}},"1":{"start":{"line":2,"column":0},"end":{"line":2,"column":12}},"2":{"start":{"line":3,"column":0},"end":{"line":3,"column":16}},"3":{"start":{"line":4,"column":0},"end":{"line":4,"column":1}},"4":{"start":{"line":5,"column":0},"end":{"line":5,"column":28}},"5":{"start":{"line":6,"column":0},"end":{"line":6,"column":16}},"6":{"start":{"line":7,"column":0},"end":{"line":7,"column":22}},"7":{"start":{"line":8,"column":0},"end":{"line":8,"column":1}},"8":{"start":{"line":9,"column":0},"end":{"line":9,"column":0}},"9":{"start":{"line":10,"column":0},"end":{"line":10,"column":31}},"10":{"start":{"line":11,"column":0},"end":{"line":11,"column":15}},"11":{"start":{"line":12,"column":0},"end":{"line":12,"column":20}},"12":{"start":{"line":13,"column":0},"end":{"line":13,"column":20}},"13":{"start":{"line":14,"column":0},"end":{"line":14,"column":1}}},"s":{"0":1,"1":1,"2":1,"3":1,"4":1,"5":1,"6":1,"7":1,"8":1,"9":1,"10":1,"11":1,"12":1,"13":1},"branchMap":{"0":{"type":"branch","line":1,"loc":{"start":{"line":1,"column":12},"end":{"line":1,"column":29}},"locations":[{"start":{"line":1,"column":12},"end":{"line":1,"column":29}}]},"1":{"type":"branch","line":5,"loc":{"start":{"line":5,"column":12},"end":{"line":5,"column":26}},"locations":[{"start":{"line":5,"column":12},"end":{"line":5,"column":26}}]}},"b":{"0":[3],"1":[3]},"fnMap":{},"f":{}}
,"/Users/gaspar/Desktop/Recursos/2023/ElevatorProject/src/common/utils.ts": {"path":"/Users/gaspar/Desktop/Recursos/2023/ElevatorProject/src/common/utils.ts","all":false,"statementMap":{"0":{"start":{"line":1,"column":0},"end":{"line":1,"column":43}},"1":{"start":{"line":2,"column":0},"end":{"line":2,"column":0}},"2":{"start":{"line":3,"column":0},"end":{"line":3,"column":98}},"3":{"start":{"line":4,"column":0},"end":{"line":4,"column":98}},"4":{"start":{"line":5,"column":0},"end":{"line":5,"column":1}}},"s":{"0":1,"1":1,"2":1,"3":48,"4":48},"branchMap":{"0":{"type":"branch","line":3,"loc":{"start":{"line":3,"column":97},"end":{"line":5,"column":1}},"locations":[{"start":{"line":3,"column":97},"end":{"line":5,"column":1}}]},"1":{"type":"branch","line":4,"loc":{"start":{"line":4,"column":27},"end":{"line":4,"column":97}},"locations":[{"start":{"line":4,"column":27},"end":{"line":4,"column":97}}]},"2":{"type":"branch","line":4,"loc":{"start":{"line":4,"column":56},"end":{"line":4,"column":97}},"locations":[{"start":{"line":4,"column":56},"end":{"line":4,"column":97}}]}},"b":{"0":[48],"1":[32],"2":[2]},"fnMap":{"0":{"name":"isFloorRequested","decl":{"start":{"line":3,"column":97},"end":{"line":5,"column":1}},"loc":{"start":{"line":3,"column":97},"end":{"line":5,"column":1}},"line":3}},"f":{"0":48}}
,"/Users/gaspar/Desktop/Recursos/2023/ElevatorProject/src/components/Button/Button.tsx": {"path":"/Users/gaspar/Desktop/Recursos/2023/ElevatorProject/src/components/Button/Button.tsx","all":false,"statementMap":{"0":{"start":{"line":1,"column":0},"end":{"line":1,"column":47}},"1":{"start":{"line":2,"column":0},"end":{"line":2,"column":21}},"2":{"start":{"line":3,"column":0},"end":{"line":3,"column":54}},"3":{"start":{"line":4,"column":0},"end":{"line":4,"column":59}},"4":{"start":{"line":5,"column":0},"end":{"line":5,"column":0}},"5":{"start":{"line":6,"column":0},"end":{"line":6,"column":23}},"6":{"start":{"line":7,"column":0},"end":{"line":7,"column":15}},"7":{"start":{"line":8,"column":0},"end":{"line":8,"column":30}},"8":{"start":{"line":9,"column":0},"end":{"line":9,"column":59}},"9":{"start":{"line":10,"column":0},"end":{"line":10,"column":21}},"10":{"start":{"line":11,"column":0},"end":{"line":11,"column":1}},"11":{"start":{"line":12,"column":0},"end":{"line":12,"column":0}},"12":{"start":{"line":13,"column":0},"end":{"line":13,"column":84}},"13":{"start":{"line":14,"column":0},"end":{"line":14,"column":96}},"14":{"start":{"line":15,"column":0},"end":{"line":15,"column":29}},"15":{"start":{"line":16,"column":0},"end":{"line":16,"column":35}},"16":{"start":{"line":17,"column":0},"end":{"line":17,"column":3}},"17":{"start":{"line":18,"column":0},"end":{"line":18,"column":10}},"18":{"start":{"line":19,"column":0},"end":{"line":19,"column":11}},"19":{"start":{"line":20,"column":0},"end":{"line":20,"column":31}},"20":{"start":{"line":21,"column":0},"end":{"line":21,"column":14}},"21":{"start":{"line":22,"column":0},"end":{"line":22,"column":64}},"22":{"start":{"line":23,"column":0},"end":{"line":23,"column":8}},"23":{"start":{"line":24,"column":0},"end":{"line":24,"column":30}},"24":{"start":{"line":25,"column":0},"end":{"line":25,"column":27}},"25":{"start":{"line":26,"column":0},"end":{"line":26,"column":5}},"26":{"start":{"line":27,"column":0},"end":{"line":27,"column":40}},"27":{"start":{"line":28,"column":0},"end":{"line":28,"column":13}},"28":{"start":{"line":29,"column":0},"end":{"line":29,"column":3}},"29":{"start":{"line":30,"column":0},"end":{"line":30,"column":1}},"30":{"start":{"line":31,"column":0},"end":{"line":31,"column":0}},"31":{"start":{"line":32,"column":0},"end":{"line":32,"column":21}}},"s":{"0":1,"1":1,"2":1,"3":1,"4":1,"5":1,"6":1,"7":1,"8":1,"9":1,"10":1,"11":1,"12":1,"13":97,"14":97,"15":2,"16":2,"17":97,"18":97,"19":97,"20":97,"21":97,"22":97,"23":97,"24":97,"25":97,"26":97,"27":97,"28":97,"29":97,"30":1,"31":1},"branchMap":{"0":{"type":"branch","line":13,"loc":{"start":{"line":13,"column":15},"end":{"line":30,"column":1}},"locations":[{"start":{"line":13,"column":15},"end":{"line":30,"column":1}}]},"1":{"type":"branch","line":14,"loc":{"start":{"line":14,"column":27},"end":{"line":14,"column":59}},"locations":[{"start":{"line":14,"column":27},"end":{"line":14,"column":59}}]},"2":{"type":"branch","line":14,"loc":{"start":{"line":14,"column":51},"end":{"line":14,"column":85}},"locations":[{"start":{"line":14,"column":51},"end":{"line":14,"column":85}}]},"3":{"type":"branch","line":14,"loc":{"start":{"line":14,"column":60},"end":{"line":14,"column":85}},"locations":[{"start":{"line":14,"column":60},"end":{"line":14,"column":85}}]},"4":{"type":"branch","line":14,"loc":{"start":{"line":14,"column":85},"end":{"line":14,"column":96}},"locations":[{"start":{"line":14,"column":85},"end":{"line":14,"column":96}}]},"5":{"type":"branch","line":27,"loc":{"start":{"line":27,"column":7},"end":{"line":27,"column":30}},"locations":[{"start":{"line":27,"column":7},"end":{"line":27,"column":30}}]},"6":{"type":"branch","line":27,"loc":{"start":{"line":27,"column":20},"end":{"line":27,"column":39}},"locations":[{"start":{"line":27,"column":20},"end":{"line":27,"column":39}}]},"7":{"type":"branch","line":15,"loc":{"start":{"line":15,"column":22},"end":{"line":17,"column":3}},"locations":[{"start":{"line":15,"column":22},"end":{"line":17,"column":3}}]}},"b":{"0":[97],"1":[49],"2":[94],"3":[48],"4":[0],"5":[49],"6":[48],"7":[2]},"fnMap":{"0":{"name":"Button","decl":{"start":{"line":13,"column":15},"end":{"line":30,"column":1}},"loc":{"start":{"line":13,"column":15},"end":{"line":30,"column":1}},"line":13},"1":{"name":"handleClick","decl":{"start":{"line":15,"column":22},"end":{"line":17,"column":3}},"loc":{"start":{"line":15,"column":22},"end":{"line":17,"column":3}},"line":15}},"f":{"0":97,"1":2}}
,"/Users/gaspar/Desktop/Recursos/2023/ElevatorProject/src/components/Button/Button.utils.ts": {"path":"/Users/gaspar/Desktop/Recursos/2023/ElevatorProject/src/components/Button/Button.utils.ts","all":false,"statementMap":{"0":{"start":{"line":1,"column":0},"end":{"line":1,"column":54}},"1":{"start":{"line":2,"column":0},"end":{"line":2,"column":0}},"2":{"start":{"line":3,"column":0},"end":{"line":3,"column":101}},"3":{"start":{"line":4,"column":0},"end":{"line":4,"column":45}},"4":{"start":{"line":5,"column":0},"end":{"line":5,"column":103}},"5":{"start":{"line":6,"column":0},"end":{"line":6,"column":3}},"6":{"start":{"line":7,"column":0},"end":{"line":7,"column":0}},"7":{"start":{"line":8,"column":0},"end":{"line":8,"column":34}},"8":{"start":{"line":9,"column":0},"end":{"line":9,"column":0}},"9":{"start":{"line":10,"column":0},"end":{"line":10,"column":57}},"10":{"start":{"line":11,"column":0},"end":{"line":11,"column":1}}},"s":{"0":1,"1":1,"2":1,"3":101,"4":101,"5":101,"6":101,"7":101,"8":5,"9":101,"10":101},"branchMap":{"0":{"type":"branch","line":3,"loc":{"start":{"line":3,"column":100},"end":{"line":11,"column":1}},"locations":[{"start":{"line":3,"column":100},"end":{"line":11,"column":1}}]},"1":{"type":"branch","line":8,"loc":{"start":{"line":8,"column":25},"end":{"line":10,"column":22}},"locations":[{"start":{"line":8,"column":25},"end":{"line":10,"column":22}}]},"2":{"type":"branch","line":8,"loc":{"start":{"line":8,"column":25},"end":{"line":8,"column":34}},"locations":[{"start":{"line":8,"column":25},"end":{"line":8,"column":34}}]},"3":{"type":"branch","line":8,"loc":{"start":{"line":8,"column":32},"end":{"line":10,"column":22}},"locations":[{"start":{"line":8,"column":32},"end":{"line":10,"column":22}}]},"4":{"type":"branch","line":10,"loc":{"start":{"line":10,"column":9},"end":{"line":10,"column":42}},"locations":[{"start":{"line":10,"column":9},"end":{"line":10,"column":42}}]},"5":{"type":"branch","line":10,"loc":{"start":{"line":10,"column":22},"end":{"line":10,"column":57}},"locations":[{"start":{"line":10,"column":22},"end":{"line":10,"column":57}}]},"6":{"type":"branch","line":5,"loc":{"start":{"line":5,"column":4},"end":{"line":5,"column":103}},"locations":[{"start":{"line":5,"column":4},"end":{"line":5,"column":103}}]},"7":{"type":"branch","line":5,"loc":{"start":{"line":5,"column":33},"end":{"line":5,"column":78}},"locations":[{"start":{"line":5,"column":33},"end":{"line":5,"column":78}}]},"8":{"type":"branch","line":5,"loc":{"start":{"line":5,"column":64},"end":{"line":5,"column":103}},"locations":[{"start":{"line":5,"column":64},"end":{"line":5,"column":103}}]}},"b":{"0":[101],"1":[99],"2":[96],"3":[5],"4":[2],"5":[3],"6":[74],"7":[8],"8":[6]},"fnMap":{"0":{"name":"getButtonStyle","decl":{"start":{"line":3,"column":100},"end":{"line":11,"column":1}},"loc":{"start":{"line":3,"column":100},"end":{"line":11,"column":1}},"line":3}},"f":{"0":101}}
,"/Users/gaspar/Desktop/Recursos/2023/ElevatorProject/src/hooks/useElevator.ts": {"path":"/Users/gaspar/Desktop/Recursos/2023/ElevatorProject/src/hooks/useElevator.ts","all":false,"statementMap":{"0":{"start":{"line":1,"column":0},"end":{"line":1,"column":43}},"1":{"start":{"line":2,"column":0},"end":{"line":2,"column":63}},"2":{"start":{"line":3,"column":0},"end":{"line":3,"column":67}},"3":{"start":{"line":4,"column":0},"end":{"line":4,"column":62}},"4":{"start":{"line":5,"column":0},"end":{"line":5,"column":0}},"5":{"start":{"line":6,"column":0},"end":{"line":6,"column":36}},"6":{"start":{"line":7,"column":0},"end":{"line":7,"column":30}},"7":{"start":{"line":8,"column":0},"end":{"line":8,"column":0}},"8":{"start":{"line":9,"column":0},"end":{"line":9,"column":34}},"9":{"start":{"line":10,"column":0},"end":{"line":10,"column":81}},"10":{"start":{"line":11,"column":0},"end":{"line":11,"column":40}},"11":{"start":{"line":12,"column":0},"end":{"line":12,"column":42}},"12":{"start":{"line":13,"column":0},"end":{"line":13,"column":39}},"13":{"start":{"line":14,"column":0},"end":{"line":14,"column":0}},"14":{"start":{"line":15,"column":0},"end":{"line":15,"column":19}},"15":{"start":{"line":16,"column":0},"end":{"line":16,"column":51}},"16":{"start":{"line":17,"column":0},"end":{"line":17,"column":12}},"17":{"start":{"line":18,"column":0},"end":{"line":18,"column":5}},"18":{"start":{"line":19,"column":0},"end":{"line":19,"column":29}},"19":{"start":{"line":20,"column":0},"end":{"line":20,"column":36}},"20":{"start":{"line":21,"column":0},"end":{"line":21,"column":35}},"21":{"start":{"line":22,"column":0},"end":{"line":22,"column":35}},"22":{"start":{"line":23,"column":0},"end":{"line":23,"column":7}},"23":{"start":{"line":24,"column":0},"end":{"line":24,"column":5}},"24":{"start":{"line":25,"column":0},"end":{"line":25,"column":25}},"25":{"start":{"line":26,"column":0},"end":{"line":26,"column":0}},"26":{"start":{"line":27,"column":0},"end":{"line":27,"column":55}},"27":{"start":{"line":28,"column":0},"end":{"line":28,"column":29}},"28":{"start":{"line":29,"column":0},"end":{"line":29,"column":12}},"29":{"start":{"line":30,"column":0},"end":{"line":30,"column":5}},"30":{"start":{"line":31,"column":0},"end":{"line":31,"column":74}},"31":{"start":{"line":32,"column":0},"end":{"line":32,"column":0}},"32":{"start":{"line":33,"column":0},"end":{"line":33,"column":58}},"33":{"start":{"line":34,"column":0},"end":{"line":34,"column":89}},"34":{"start":{"line":35,"column":0},"end":{"line":35,"column":62}},"35":{"start":{"line":36,"column":0},"end":{"line":36,"column":5}},"36":{"start":{"line":37,"column":0},"end":{"line":37,"column":0}},"37":{"start":{"line":38,"column":0},"end":{"line":38,"column":33}},"38":{"start":{"line":39,"column":0},"end":{"line":39,"column":27}},"39":{"start":{"line":40,"column":0},"end":{"line":40,"column":5}},"40":{"start":{"line":41,"column":0},"end":{"line":41,"column":91}},"41":{"start":{"line":42,"column":0},"end":{"line":42,"column":112}},"42":{"start":{"line":43,"column":0},"end":{"line":43,"column":33}},"43":{"start":{"line":44,"column":0},"end":{"line":44,"column":3}},"44":{"start":{"line":45,"column":0},"end":{"line":45,"column":0}},"45":{"start":{"line":46,"column":0},"end":{"line":46,"column":58}},"46":{"start":{"line":47,"column":0},"end":{"line":47,"column":40}},"47":{"start":{"line":48,"column":0},"end":{"line":48,"column":29}},"48":{"start":{"line":49,"column":0},"end":{"line":49,"column":16}},"49":{"start":{"line":50,"column":0},"end":{"line":50,"column":47}},"50":{"start":{"line":51,"column":0},"end":{"line":51,"column":30}},"51":{"start":{"line":52,"column":0},"end":{"line":52,"column":18}},"52":{"start":{"line":53,"column":0},"end":{"line":53,"column":12}},"53":{"start":{"line":54,"column":0},"end":{"line":54,"column":110}},"54":{"start":{"line":55,"column":0},"end":{"line":55,"column":43}},"55":{"start":{"line":56,"column":0},"end":{"line":56,"column":27}},"56":{"start":{"line":57,"column":0},"end":{"line":57,"column":5}},"57":{"start":{"line":58,"column":0},"end":{"line":58,"column":3}},"58":{"start":{"line":59,"column":0},"end":{"line":59,"column":0}},"59":{"start":{"line":60,"column":0},"end":{"line":60,"column":63}},"60":{"start":{"line":61,"column":0},"end":{"line":61,"column":57}},"61":{"start":{"line":62,"column":0},"end":{"line":62,"column":24}},"62":{"start":{"line":63,"column":0},"end":{"line":63,"column":25}},"63":{"start":{"line":64,"column":0},"end":{"line":64,"column":3}},"64":{"start":{"line":65,"column":0},"end":{"line":65,"column":61}},"65":{"start":{"line":66,"column":0},"end":{"line":66,"column":1}}},"s":{"0":1,"1":1,"2":1,"3":1,"4":1,"5":1,"6":1,"7":1,"8":1,"9":9,"10":9,"11":9,"12":9,"13":9,"14":9,"15":6,"16":1,"17":1,"18":6,"19":3,"20":3,"21":3,"22":3,"23":3,"24":9,"25":9,"26":9,"27":3,"28":0,"29":0,"30":3,"31":3,"32":3,"33":3,"34":0,"35":3,"36":3,"37":3,"38":2,"39":2,"40":1,"41":1,"42":1,"43":1,"44":9,"45":9,"46":3,"47":3,"48":3,"49":0,"50":0,"51":0,"52":0,"53":0,"54":0,"55":0,"56":0,"57":3,"58":9,"59":9,"60":3,"61":3,"62":3,"63":3,"64":9,"65":9},"branchMap":{"0":{"type":"branch","line":9,"loc":{"start":{"line":9,"column":27},"end":{"line":66,"column":1}},"locations":[{"start":{"line":9,"column":27},"end":{"line":66,"column":1}}]},"1":{"type":"branch","line":15,"loc":{"start":{"line":15,"column":12},"end":{"line":25,"column":5}},"locations":[{"start":{"line":15,"column":12},"end":{"line":25,"column":5}}]},"2":{"type":"branch","line":16,"loc":{"start":{"line":16,"column":50},"end":{"line":18,"column":5}},"locations":[{"start":{"line":16,"column":50},"end":{"line":18,"column":5}}]},"3":{"type":"branch","line":19,"loc":{"start":{"line":19,"column":-1},"end":{"line":19,"column":28}},"locations":[{"start":{"line":19,"column":-1},"end":{"line":19,"column":28}}]},"4":{"type":"branch","line":19,"loc":{"start":{"line":19,"column":28},"end":{"line":24,"column":5}},"locations":[{"start":{"line":19,"column":28},"end":{"line":24,"column":5}}]},"5":{"type":"branch","line":27,"loc":{"start":{"line":27,"column":22},"end":{"line":44,"column":3}},"locations":[{"start":{"line":27,"column":22},"end":{"line":44,"column":3}}]},"6":{"type":"branch","line":28,"loc":{"start":{"line":28,"column":28},"end":{"line":30,"column":5}},"locations":[{"start":{"line":28,"column":28},"end":{"line":30,"column":5}}]},"7":{"type":"branch","line":38,"loc":{"start":{"line":38,"column":32},"end":{"line":40,"column":5}},"locations":[{"start":{"line":38,"column":32},"end":{"line":40,"column":5}}]},"8":{"type":"branch","line":41,"loc":{"start":{"line":41,"column":-1},"end":{"line":44,"column":3}},"locations":[{"start":{"line":41,"column":-1},"end":{"line":44,"column":3}}]},"9":{"type":"branch","line":46,"loc":{"start":{"line":46,"column":23},"end":{"line":58,"column":3}},"locations":[{"start":{"line":46,"column":23},"end":{"line":58,"column":3}}]},"10":{"type":"branch","line":49,"loc":{"start":{"line":49,"column":12},"end":{"line":57,"column":5}},"locations":[{"start":{"line":49,"column":12},"end":{"line":57,"column":5}}]},"11":{"type":"branch","line":60,"loc":{"start":{"line":60,"column":23},"end":{"line":64,"column":3}},"locations":[{"start":{"line":60,"column":23},"end":{"line":64,"column":3}}]},"12":{"type":"branch","line":63,"loc":{"start":{"line":63,"column":11},"end":{"line":63,"column":25}},"locations":[{"start":{"line":63,"column":11},"end":{"line":63,"column":25}}]}},"b":{"0":[9],"1":[6],"2":[1],"3":[5],"4":[3],"5":[3],"6":[0],"7":[2],"8":[1],"9":[3],"10":[0],"11":[3],"12":[3]},"fnMap":{"0":{"name":"useElevator","decl":{"start":{"line":9,"column":27},"end":{"line":66,"column":1}},"loc":{"start":{"line":9,"column":27},"end":{"line":66,"column":1}},"line":9},"1":{"name":"getNextMove","decl":{"start":{"line":27,"column":22},"end":{"line":44,"column":3}},"loc":{"start":{"line":27,"column":22},"end":{"line":44,"column":3}},"line":27},"2":{"name":"moveElevator","decl":{"start":{"line":46,"column":23},"end":{"line":58,"column":3}},"loc":{"start":{"line":46,"column":23},"end":{"line":58,"column":3}},"line":46},"3":{"name":"callElevator","decl":{"start":{"line":60,"column":23},"end":{"line":64,"column":3}},"loc":{"start":{"line":60,"column":23},"end":{"line":64,"column":3}},"line":60}},"f":{"0":9,"1":3,"2":3,"3":3}}
,"/Users/gaspar/Desktop/Recursos/2023/ElevatorProject/src/hooks/useInternalController.ts": {"path":"/Users/gaspar/Desktop/Recursos/2023/ElevatorProject/src/hooks/useInternalController.ts","all":false,"statementMap":{"0":{"start":{"line":1,"column":0},"end":{"line":1,"column":32}},"1":{"start":{"line":2,"column":0},"end":{"line":2,"column":48}},"2":{"start":{"line":3,"column":0},"end":{"line":3,"column":0}},"3":{"start":{"line":4,"column":0},"end":{"line":4,"column":27}},"4":{"start":{"line":5,"column":0},"end":{"line":5,"column":40}},"5":{"start":{"line":6,"column":0},"end":{"line":6,"column":31}},"6":{"start":{"line":7,"column":0},"end":{"line":7,"column":46}},"7":{"start":{"line":8,"column":0},"end":{"line":8,"column":48}},"8":{"start":{"line":9,"column":0},"end":{"line":9,"column":1}},"9":{"start":{"line":10,"column":0},"end":{"line":10,"column":0}},"10":{"start":{"line":11,"column":0},"end":{"line":11,"column":61}},"11":{"start":{"line":12,"column":0},"end":{"line":12,"column":73}},"12":{"start":{"line":13,"column":0},"end":{"line":13,"column":53}},"13":{"start":{"line":14,"column":0},"end":{"line":14,"column":0}},"14":{"start":{"line":15,"column":0},"end":{"line":15,"column":62}},"15":{"start":{"line":16,"column":0},"end":{"line":16,"column":40}},"16":{"start":{"line":17,"column":0},"end":{"line":17,"column":46}},"17":{"start":{"line":18,"column":0},"end":{"line":18,"column":24}},"18":{"start":{"line":19,"column":0},"end":{"line":19,"column":41}},"19":{"start":{"line":20,"column":0},"end":{"line":20,"column":17}},"20":{"start":{"line":21,"column":0},"end":{"line":21,"column":14}},"21":{"start":{"line":22,"column":0},"end":{"line":22,"column":19}},"22":{"start":{"line":23,"column":0},"end":{"line":23,"column":43}},"23":{"start":{"line":24,"column":0},"end":{"line":24,"column":18}},"24":{"start":{"line":25,"column":0},"end":{"line":25,"column":6}},"25":{"start":{"line":26,"column":0},"end":{"line":26,"column":3}},"26":{"start":{"line":27,"column":0},"end":{"line":27,"column":64}},"27":{"start":{"line":28,"column":0},"end":{"line":28,"column":40}},"28":{"start":{"line":29,"column":0},"end":{"line":29,"column":46}},"29":{"start":{"line":30,"column":0},"end":{"line":30,"column":24}},"30":{"start":{"line":31,"column":0},"end":{"line":31,"column":41}},"31":{"start":{"line":32,"column":0},"end":{"line":32,"column":17}},"32":{"start":{"line":33,"column":0},"end":{"line":33,"column":14}},"33":{"start":{"line":34,"column":0},"end":{"line":34,"column":19}},"34":{"start":{"line":35,"column":0},"end":{"line":35,"column":43}},"35":{"start":{"line":36,"column":0},"end":{"line":36,"column":18}},"36":{"start":{"line":37,"column":0},"end":{"line":37,"column":6}},"37":{"start":{"line":38,"column":0},"end":{"line":38,"column":3}},"38":{"start":{"line":39,"column":0},"end":{"line":39,"column":0}},"39":{"start":{"line":40,"column":0},"end":{"line":40,"column":52}},"40":{"start":{"line":41,"column":0},"end":{"line":41,"column":0}},"41":{"start":{"line":42,"column":0},"end":{"line":42,"column":62}},"42":{"start":{"line":43,"column":0},"end":{"line":43,"column":0}},"43":{"start":{"line":44,"column":0},"end":{"line":44,"column":56}},"44":{"start":{"line":45,"column":0},"end":{"line":45,"column":1}}},"s":{"0":1,"1":1,"2":1,"3":1,"4":1,"5":1,"6":1,"7":1,"8":1,"9":1,"10":1,"11":30,"12":30,"13":30,"14":30,"15":7,"16":7,"17":7,"18":4,"19":4,"20":7,"21":7,"22":4,"23":4,"24":4,"25":4,"26":30,"27":1,"28":1,"29":1,"30":1,"31":1,"32":1,"33":1,"34":1,"35":1,"36":1,"37":1,"38":30,"39":30,"40":30,"41":30,"42":30,"43":30,"44":30},"branchMap":{"0":{"type":"branch","line":11,"loc":{"start":{"line":11,"column":37},"end":{"line":45,"column":1}},"locations":[{"start":{"line":11,"column":37},"end":{"line":45,"column":1}}]},"1":{"type":"branch","line":15,"loc":{"start":{"line":15,"column":13},"end":{"line":26,"column":3}},"locations":[{"start":{"line":15,"column":13},"end":{"line":26,"column":3}}]},"2":{"type":"branch","line":25,"loc":{"start":{"line":25,"column":4},"end":{"line":26,"column":3}},"locations":[{"start":{"line":25,"column":4},"end":{"line":26,"column":3}}]},"3":{"type":"branch","line":16,"loc":{"start":{"line":16,"column":28},"end":{"line":22,"column":7}},"locations":[{"start":{"line":16,"column":28},"end":{"line":22,"column":7}}]},"4":{"type":"branch","line":18,"loc":{"start":{"line":18,"column":17},"end":{"line":21,"column":9}},"locations":[{"start":{"line":18,"column":17},"end":{"line":21,"column":9}}]},"5":{"type":"branch","line":19,"loc":{"start":{"line":19,"column":24},"end":{"line":19,"column":41}},"locations":[{"start":{"line":19,"column":24},"end":{"line":19,"column":41}}]},"6":{"type":"branch","line":22,"loc":{"start":{"line":22,"column":12},"end":{"line":25,"column":6}},"locations":[{"start":{"line":22,"column":12},"end":{"line":25,"column":6}}]},"7":{"type":"branch","line":24,"loc":{"start":{"line":24,"column":6},"end":{"line":24,"column":18}},"locations":[{"start":{"line":24,"column":6},"end":{"line":24,"column":18}}]},"8":{"type":"branch","line":27,"loc":{"start":{"line":27,"column":15},"end":{"line":38,"column":3}},"locations":[{"start":{"line":27,"column":15},"end":{"line":38,"column":3}}]},"9":{"type":"branch","line":28,"loc":{"start":{"line":28,"column":28},"end":{"line":34,"column":7}},"locations":[{"start":{"line":28,"column":28},"end":{"line":34,"column":7}}]},"10":{"type":"branch","line":30,"loc":{"start":{"line":30,"column":17},"end":{"line":33,"column":9}},"locations":[{"start":{"line":30,"column":17},"end":{"line":33,"column":9}}]},"11":{"type":"branch","line":31,"loc":{"start":{"line":31,"column":24},"end":{"line":31,"column":41}},"locations":[{"start":{"line":31,"column":24},"end":{"line":31,"column":41}}]},"12":{"type":"branch","line":34,"loc":{"start":{"line":34,"column":12},"end":{"line":37,"column":6}},"locations":[{"start":{"line":34,"column":12},"end":{"line":37,"column":6}}]},"13":{"type":"branch","line":36,"loc":{"start":{"line":36,"column":6},"end":{"line":36,"column":18}},"locations":[{"start":{"line":36,"column":6},"end":{"line":36,"column":18}}]},"14":{"type":"branch","line":40,"loc":{"start":{"line":40,"column":26},"end":{"line":40,"column":52}},"locations":[{"start":{"line":40,"column":26},"end":{"line":40,"column":52}}]},"15":{"type":"branch","line":42,"loc":{"start":{"line":42,"column":27},"end":{"line":42,"column":62}},"locations":[{"start":{"line":42,"column":27},"end":{"line":42,"column":62}}]}},"b":{"0":[30],"1":[7],"2":[4],"3":[7],"4":[4],"5":[4],"6":[4],"7":[0],"8":[1],"9":[1],"10":[1],"11":[1],"12":[1],"13":[0],"14":[15],"15":[15]},"fnMap":{"0":{"name":"useInternalController","decl":{"start":{"line":11,"column":37},"end":{"line":45,"column":1}},"loc":{"start":{"line":11,"column":37},"end":{"line":45,"column":1}},"line":11},"1":{"name":"up","decl":{"start":{"line":15,"column":13},"end":{"line":26,"column":3}},"loc":{"start":{"line":15,"column":13},"end":{"line":26,"column":3}},"line":15},"2":{"name":"down","decl":{"start":{"line":27,"column":15},"end":{"line":38,"column":3}},"loc":{"start":{"line":27,"column":15},"end":{"line":38,"column":3}},"line":27},"3":{"name":"getCurrentFloor","decl":{"start":{"line":40,"column":26},"end":{"line":40,"column":52}},"loc":{"start":{"line":40,"column":26},"end":{"line":40,"column":52}},"line":40},"4":{"name":"getCurrentStatus","decl":{"start":{"line":42,"column":27},"end":{"line":42,"column":62}},"loc":{"start":{"line":42,"column":27},"end":{"line":42,"column":62}},"line":42}},"f":{"0":30,"1":7,"2":1,"3":15,"4":15}}
,"/Users/gaspar/Desktop/Recursos/2023/ElevatorProject/src/hooks/utils.ts": {"path":"/Users/gaspar/Desktop/Recursos/2023/ElevatorProject/src/hooks/utils.ts","all":false,"statementMap":{"0":{"start":{"line":1,"column":0},"end":{"line":1,"column":51}},"1":{"start":{"line":2,"column":0},"end":{"line":2,"column":0}},"2":{"start":{"line":3,"column":0},"end":{"line":3,"column":120}},"3":{"start":{"line":4,"column":0},"end":{"line":4,"column":37}},"4":{"start":{"line":5,"column":0},"end":{"line":5,"column":14}},"5":{"start":{"line":6,"column":0},"end":{"line":6,"column":47}},"6":{"start":{"line":7,"column":0},"end":{"line":7,"column":86}},"7":{"start":{"line":8,"column":0},"end":{"line":8,"column":3}},"8":{"start":{"line":9,"column":0},"end":{"line":9,"column":22}},"9":{"start":{"line":10,"column":0},"end":{"line":10,"column":1}},"10":{"start":{"line":11,"column":0},"end":{"line":11,"column":0}},"11":{"start":{"line":12,"column":0},"end":{"line":12,"column":40}},"12":{"start":{"line":13,"column":0},"end":{"line":13,"column":24}},"13":{"start":{"line":14,"column":0},"end":{"line":14,"column":28}},"14":{"start":{"line":15,"column":0},"end":{"line":15,"column":22}},"15":{"start":{"line":16,"column":0},"end":{"line":16,"column":22}},"16":{"start":{"line":17,"column":0},"end":{"line":17,"column":35}},"17":{"start":{"line":18,"column":0},"end":{"line":18,"column":90}},"18":{"start":{"line":19,"column":0},"end":{"line":19,"column":3}},"19":{"start":{"line":20,"column":0},"end":{"line":20,"column":0}},"20":{"start":{"line":21,"column":0},"end":{"line":21,"column":41}},"21":{"start":{"line":22,"column":0},"end":{"line":22,"column":87}},"22":{"start":{"line":23,"column":0},"end":{"line":23,"column":3}},"23":{"start":{"line":24,"column":0},"end":{"line":24,"column":0}},"24":{"start":{"line":25,"column":0},"end":{"line":25,"column":40}},"25":{"start":{"line":26,"column":0},"end":{"line":26,"column":36}},"26":{"start":{"line":27,"column":0},"end":{"line":27,"column":51}},"27":{"start":{"line":28,"column":0},"end":{"line":28,"column":82}},"28":{"start":{"line":29,"column":0},"end":{"line":29,"column":96}},"29":{"start":{"line":30,"column":0},"end":{"line":30,"column":12}},"30":{"start":{"line":31,"column":0},"end":{"line":31,"column":53}},"31":{"start":{"line":32,"column":0},"end":{"line":32,"column":5}},"32":{"start":{"line":33,"column":0},"end":{"line":33,"column":4}},"33":{"start":{"line":34,"column":0},"end":{"line":34,"column":0}},"34":{"start":{"line":35,"column":0},"end":{"line":35,"column":20}},"35":{"start":{"line":36,"column":0},"end":{"line":36,"column":1}},"36":{"start":{"line":37,"column":0},"end":{"line":37,"column":0}},"37":{"start":{"line":38,"column":0},"end":{"line":38,"column":90}},"38":{"start":{"line":39,"column":0},"end":{"line":39,"column":36}},"39":{"start":{"line":40,"column":0},"end":{"line":40,"column":0}},"40":{"start":{"line":41,"column":0},"end":{"line":41,"column":56}},"41":{"start":{"line":42,"column":0},"end":{"line":42,"column":37}},"42":{"start":{"line":43,"column":0},"end":{"line":43,"column":72}},"43":{"start":{"line":44,"column":0},"end":{"line":44,"column":77}},"44":{"start":{"line":45,"column":0},"end":{"line":45,"column":15}},"45":{"start":{"line":46,"column":0},"end":{"line":46,"column":3}},"46":{"start":{"line":47,"column":0},"end":{"line":47,"column":0}},"47":{"start":{"line":48,"column":0},"end":{"line":48,"column":30}},"48":{"start":{"line":49,"column":0},"end":{"line":49,"column":6}},"49":{"start":{"line":50,"column":0},"end":{"line":50,"column":30}},"50":{"start":{"line":51,"column":0},"end":{"line":51,"column":91}},"51":{"start":{"line":52,"column":0},"end":{"line":52,"column":15}},"52":{"start":{"line":53,"column":0},"end":{"line":53,"column":50}},"53":{"start":{"line":54,"column":0},"end":{"line":54,"column":0}},"54":{"start":{"line":55,"column":0},"end":{"line":55,"column":33}},"55":{"start":{"line":56,"column":0},"end":{"line":56,"column":1}}},"s":{"0":1,"1":1,"2":1,"3":7,"4":7,"5":15,"6":9,"7":7,"8":7,"9":7,"10":1,"11":1,"12":3,"13":3,"14":3,"15":3,"16":3,"17":3,"18":3,"19":3,"20":3,"21":3,"22":3,"23":3,"24":3,"25":0,"26":0,"27":0,"28":0,"29":0,"30":0,"31":0,"32":0,"33":3,"34":3,"35":3,"36":1,"37":1,"38":0,"39":0,"40":0,"41":0,"42":0,"43":0,"44":0,"45":0,"46":0,"47":0,"48":0,"49":0,"50":0,"51":0,"52":0,"53":0,"54":0,"55":0},"branchMap":{"0":{"type":"branch","line":3,"loc":{"start":{"line":3,"column":119},"end":{"line":10,"column":1}},"locations":[{"start":{"line":3,"column":119},"end":{"line":10,"column":1}}]},"1":{"type":"branch","line":5,"loc":{"start":{"line":5,"column":4},"end":{"line":7,"column":86}},"locations":[{"start":{"line":5,"column":4},"end":{"line":7,"column":86}}]},"2":{"type":"branch","line":6,"loc":{"start":{"line":6,"column":28},"end":{"line":7,"column":86}},"locations":[{"start":{"line":6,"column":28},"end":{"line":7,"column":86}}]},"3":{"type":"branch","line":7,"loc":{"start":{"line":7,"column":7},"end":{"line":7,"column":57}},"locations":[{"start":{"line":7,"column":7},"end":{"line":7,"column":57}}]},"4":{"type":"branch","line":7,"loc":{"start":{"line":7,"column":42},"end":{"line":7,"column":84}},"locations":[{"start":{"line":7,"column":42},"end":{"line":7,"column":84}}]},"5":{"type":"branch","line":12,"loc":{"start":{"line":12,"column":39},"end":{"line":36,"column":1}},"locations":[{"start":{"line":12,"column":39},"end":{"line":36,"column":1}}]},"6":{"type":"branch","line":18,"loc":{"start":{"line":18,"column":4},"end":{"line":18,"column":90}},"locations":[{"start":{"line":18,"column":4},"end":{"line":18,"column":90}}]},"7":{"type":"branch","line":18,"loc":{"start":{"line":18,"column":39},"end":{"line":18,"column":88}},"locations":[{"start":{"line":18,"column":39},"end":{"line":18,"column":88}}]},"8":{"type":"branch","line":22,"loc":{"start":{"line":22,"column":4},"end":{"line":22,"column":87}},"locations":[{"start":{"line":22,"column":4},"end":{"line":22,"column":87}}]},"9":{"type":"branch","line":22,"loc":{"start":{"line":22,"column":37},"end":{"line":22,"column":87}},"locations":[{"start":{"line":22,"column":37},"end":{"line":22,"column":87}}]}},"b":{"0":[7],"1":[15],"2":[9],"3":[8],"4":[1],"5":[3],"6":[3],"7":[2],"8":[3],"9":[2]},"fnMap":{"0":{"name":"filterQueue","decl":{"start":{"line":3,"column":119},"end":{"line":10,"column":1}},"loc":{"start":{"line":3,"column":119},"end":{"line":10,"column":1}},"line":3},"1":{"name":"updateQueueIfReachFloor","decl":{"start":{"line":12,"column":39},"end":{"line":36,"column":1}},"loc":{"start":{"line":12,"column":39},"end":{"line":36,"column":1}},"line":12},"2":{"name":"getDestinationFloor","decl":{"start":{"line":38,"column":35},"end":{"line":56,"column":1}},"loc":{"start":{"line":38,"column":35},"end":{"line":56,"column":1}},"line":38}},"f":{"0":7,"1":3,"2":0}}
}
